<?xml version="1.0" encoding="UTF-8"?>
<!-- Generated by org.testng.reporters.JUnitReportReporter -->
<testsuite hostname="abzal" failures="0" tests="14" name="runner.MyRunnerTest" time="0.213" errors="0" timestamp="2023-07-23T09:32:16 IST" skipped="0">
  <testcase classname="runner.MyRunnerTest" name="runScenario" time="0.003"/>
  <testcase classname="runner.MyRunnerTest" name="runScenario" time="0.013"/>
  <testcase classname="runner.MyRunnerTest" name="runScenario" time="0.004"/>
  <testcase classname="runner.MyRunnerTest" name="runScenario" time="0.007"/>
  <testcase classname="runner.MyRunnerTest" name="runScenario" time="0.032"/>
  <testcase classname="runner.MyRunnerTest" name="runScenario" time="0.006"/>
  <testcase classname="runner.MyRunnerTest" name="runScenario" time="0.073"/>
  <testcase classname="runner.MyRunnerTest" name="runScenario" time="0.006"/>
  <testcase classname="runner.MyRunnerTest" name="runScenario" time="0.011"/>
  <testcase classname="runner.MyRunnerTest" name="runScenario" time="0.020"/>
  <testcase classname="runner.MyRunnerTest" name="runScenario" time="0.004"/>
  <testcase classname="runner.MyRunnerTest" name="runScenario" time="0.007"/>
  <testcase classname="runner.MyRunnerTest" name="runScenario" time="0.007"/>
  <testcase classname="runner.MyRunnerTest" name="runScenario" time="0.020"/>
</testsuite> <!-- runner.MyRunnerTest -->
